  Main.cpp
C:\Users\Opemipo\Documents\Projects\Tutorials\OpenGL practice\Tutorial 4_Skybox, etc\Tutorial 4_Skybox, etc\Main.cpp(383,28): warning C4244: 'initializing': conversion from 'double' to 'float', possible loss of data
C:\Users\Opemipo\Documents\Projects\Tutorials\OpenGL practice\Tutorial 4_Skybox, etc\Tutorial 4_Skybox, etc\Main.cpp(531,45): warning C4244: 'argument': conversion from 'double' to 'float', possible loss of data
C:\Users\Opemipo\Documents\Projects\Tutorials\OpenGL practice\Tutorial 4_Skybox, etc\Tutorial 4_Skybox, etc\Main.cpp(531,36): warning C4244: 'argument': conversion from 'double' to 'float', possible loss of data
C:\Users\Opemipo\Documents\Projects\Tutorials\OpenGL practice\Tutorial 4_Skybox, etc\Tutorial 4_Skybox, etc\Main.cpp(542,34): warning C4244: 'argument': conversion from 'double' to 'float', possible loss of data
glfw3.lib(context.obj) : warning LNK4099: PDB 'glfw.pdb' was not found with 'glfw3.lib(context.obj)' or at 'C:\Users\Opemipo\Documents\Projects\Tutorials\OpenGL practice\Tutorial 4_Skybox, etc\x64\Debug\glfw.pdb'; linking object as if no debug info
glfw3.lib(init.obj) : warning LNK4099: PDB 'glfw.pdb' was not found with 'glfw3.lib(init.obj)' or at 'C:\Users\Opemipo\Documents\Projects\Tutorials\OpenGL practice\Tutorial 4_Skybox, etc\x64\Debug\glfw.pdb'; linking object as if no debug info
glfw3.lib(input.obj) : warning LNK4099: PDB 'glfw.pdb' was not found with 'glfw3.lib(input.obj)' or at 'C:\Users\Opemipo\Documents\Projects\Tutorials\OpenGL practice\Tutorial 4_Skybox, etc\x64\Debug\glfw.pdb'; linking object as if no debug info
glfw3.lib(monitor.obj) : warning LNK4099: PDB 'glfw.pdb' was not found with 'glfw3.lib(monitor.obj)' or at 'C:\Users\Opemipo\Documents\Projects\Tutorials\OpenGL practice\Tutorial 4_Skybox, etc\x64\Debug\glfw.pdb'; linking object as if no debug info
glfw3.lib(vulkan.obj) : warning LNK4099: PDB 'glfw.pdb' was not found with 'glfw3.lib(vulkan.obj)' or at 'C:\Users\Opemipo\Documents\Projects\Tutorials\OpenGL practice\Tutorial 4_Skybox, etc\x64\Debug\glfw.pdb'; linking object as if no debug info
glfw3.lib(window.obj) : warning LNK4099: PDB 'glfw.pdb' was not found with 'glfw3.lib(window.obj)' or at 'C:\Users\Opemipo\Documents\Projects\Tutorials\OpenGL practice\Tutorial 4_Skybox, etc\x64\Debug\glfw.pdb'; linking object as if no debug info
glfw3.lib(win32_init.obj) : warning LNK4099: PDB 'glfw.pdb' was not found with 'glfw3.lib(win32_init.obj)' or at 'C:\Users\Opemipo\Documents\Projects\Tutorials\OpenGL practice\Tutorial 4_Skybox, etc\x64\Debug\glfw.pdb'; linking object as if no debug info
glfw3.lib(win32_joystick.obj) : warning LNK4099: PDB 'glfw.pdb' was not found with 'glfw3.lib(win32_joystick.obj)' or at 'C:\Users\Opemipo\Documents\Projects\Tutorials\OpenGL practice\Tutorial 4_Skybox, etc\x64\Debug\glfw.pdb'; linking object as if no debug info
glfw3.lib(win32_monitor.obj) : warning LNK4099: PDB 'glfw.pdb' was not found with 'glfw3.lib(win32_monitor.obj)' or at 'C:\Users\Opemipo\Documents\Projects\Tutorials\OpenGL practice\Tutorial 4_Skybox, etc\x64\Debug\glfw.pdb'; linking object as if no debug info
glfw3.lib(win32_time.obj) : warning LNK4099: PDB 'glfw.pdb' was not found with 'glfw3.lib(win32_time.obj)' or at 'C:\Users\Opemipo\Documents\Projects\Tutorials\OpenGL practice\Tutorial 4_Skybox, etc\x64\Debug\glfw.pdb'; linking object as if no debug info
glfw3.lib(win32_thread.obj) : warning LNK4099: PDB 'glfw.pdb' was not found with 'glfw3.lib(win32_thread.obj)' or at 'C:\Users\Opemipo\Documents\Projects\Tutorials\OpenGL practice\Tutorial 4_Skybox, etc\x64\Debug\glfw.pdb'; linking object as if no debug info
glfw3.lib(win32_window.obj) : warning LNK4099: PDB 'glfw.pdb' was not found with 'glfw3.lib(win32_window.obj)' or at 'C:\Users\Opemipo\Documents\Projects\Tutorials\OpenGL practice\Tutorial 4_Skybox, etc\x64\Debug\glfw.pdb'; linking object as if no debug info
glfw3.lib(wgl_context.obj) : warning LNK4099: PDB 'glfw.pdb' was not found with 'glfw3.lib(wgl_context.obj)' or at 'C:\Users\Opemipo\Documents\Projects\Tutorials\OpenGL practice\Tutorial 4_Skybox, etc\x64\Debug\glfw.pdb'; linking object as if no debug info
glfw3.lib(egl_context.obj) : warning LNK4099: PDB 'glfw.pdb' was not found with 'glfw3.lib(egl_context.obj)' or at 'C:\Users\Opemipo\Documents\Projects\Tutorials\OpenGL practice\Tutorial 4_Skybox, etc\x64\Debug\glfw.pdb'; linking object as if no debug info
glfw3.lib(osmesa_context.obj) : warning LNK4099: PDB 'glfw.pdb' was not found with 'glfw3.lib(osmesa_context.obj)' or at 'C:\Users\Opemipo\Documents\Projects\Tutorials\OpenGL practice\Tutorial 4_Skybox, etc\x64\Debug\glfw.pdb'; linking object as if no debug info
  Tutorial 4_Skybox, etc.vcxproj -> C:\Users\Opemipo\Documents\Projects\Tutorials\OpenGL practice\Tutorial 4_Skybox, etc\x64\Debug\Tutorial 4_Skybox, etc.exe
