  Mesh.cpp
C:\Users\Opemipo\Documents\Projects\Tutorials\OpenGL practice\Source\Mesh.cpp(37,79): warning C4267: 'argument': conversion from 'size_t' to 'GLsizei', possible loss of data
  Model.cpp
C:\Users\Opemipo\Documents\Projects\Tutorials\OpenGL practice\Source\Model.cpp(13,42): warning C4267: 'argument': conversion from 'size_t' to 'unsigned int', possible loss of data
C:\Users\Opemipo\Documents\Projects\Tutorials\OpenGL practice\Source\Model.cpp(272,73): warning C4267: 'argument': conversion from 'size_t' to 'GLsizei', possible loss of data
C:\Users\Opemipo\Documents\Projects\Tutorials\OpenGL practice\Source\Model.cpp(274,86): warning C4267: 'argument': conversion from 'size_t' to 'GLsizei', possible loss of data
C:\Users\Opemipo\Documents\Projects\Tutorials\OpenGL practice\Source\Model.cpp(276,86): warning C4267: 'argument': conversion from 'size_t' to 'GLsizei', possible loss of data
C:\Users\Opemipo\Documents\Projects\Tutorials\OpenGL practice\Source\Model.cpp(278,86): warning C4267: 'argument': conversion from 'size_t' to 'GLsizei', possible loss of data
  Main.cpp
C:\Users\Opemipo\Documents\Projects\Tutorials\OpenGL practice\Tutorial 5_Advanced Lighting\Tutorial 5_Advanced Lighting\Main.cpp(328,28): warning C4244: 'initializing': conversion from 'double' to 'float', possible loss of data
C:\Users\Opemipo\Documents\Projects\Tutorials\OpenGL practice\Tutorial 5_Advanced Lighting\Tutorial 5_Advanced Lighting\Main.cpp(588,45): warning C4244: 'argument': conversion from 'double' to 'float', possible loss of data
C:\Users\Opemipo\Documents\Projects\Tutorials\OpenGL practice\Tutorial 5_Advanced Lighting\Tutorial 5_Advanced Lighting\Main.cpp(588,36): warning C4244: 'argument': conversion from 'double' to 'float', possible loss of data
C:\Users\Opemipo\Documents\Projects\Tutorials\OpenGL practice\Tutorial 5_Advanced Lighting\Tutorial 5_Advanced Lighting\Main.cpp(599,34): warning C4244: 'argument': conversion from 'double' to 'float', possible loss of data
  Generating Code...
glfw3.lib(context.obj) : warning LNK4099: PDB 'glfw.pdb' was not found with 'glfw3.lib(context.obj)' or at 'C:\Users\Opemipo\Documents\Projects\Tutorials\OpenGL practice\Tutorial 5_Advanced Lighting\x64\Debug\glfw.pdb'; linking object as if no debug info
glfw3.lib(init.obj) : warning LNK4099: PDB 'glfw.pdb' was not found with 'glfw3.lib(init.obj)' or at 'C:\Users\Opemipo\Documents\Projects\Tutorials\OpenGL practice\Tutorial 5_Advanced Lighting\x64\Debug\glfw.pdb'; linking object as if no debug info
glfw3.lib(input.obj) : warning LNK4099: PDB 'glfw.pdb' was not found with 'glfw3.lib(input.obj)' or at 'C:\Users\Opemipo\Documents\Projects\Tutorials\OpenGL practice\Tutorial 5_Advanced Lighting\x64\Debug\glfw.pdb'; linking object as if no debug info
glfw3.lib(monitor.obj) : warning LNK4099: PDB 'glfw.pdb' was not found with 'glfw3.lib(monitor.obj)' or at 'C:\Users\Opemipo\Documents\Projects\Tutorials\OpenGL practice\Tutorial 5_Advanced Lighting\x64\Debug\glfw.pdb'; linking object as if no debug info
glfw3.lib(vulkan.obj) : warning LNK4099: PDB 'glfw.pdb' was not found with 'glfw3.lib(vulkan.obj)' or at 'C:\Users\Opemipo\Documents\Projects\Tutorials\OpenGL practice\Tutorial 5_Advanced Lighting\x64\Debug\glfw.pdb'; linking object as if no debug info
glfw3.lib(window.obj) : warning LNK4099: PDB 'glfw.pdb' was not found with 'glfw3.lib(window.obj)' or at 'C:\Users\Opemipo\Documents\Projects\Tutorials\OpenGL practice\Tutorial 5_Advanced Lighting\x64\Debug\glfw.pdb'; linking object as if no debug info
glfw3.lib(win32_init.obj) : warning LNK4099: PDB 'glfw.pdb' was not found with 'glfw3.lib(win32_init.obj)' or at 'C:\Users\Opemipo\Documents\Projects\Tutorials\OpenGL practice\Tutorial 5_Advanced Lighting\x64\Debug\glfw.pdb'; linking object as if no debug info
glfw3.lib(win32_joystick.obj) : warning LNK4099: PDB 'glfw.pdb' was not found with 'glfw3.lib(win32_joystick.obj)' or at 'C:\Users\Opemipo\Documents\Projects\Tutorials\OpenGL practice\Tutorial 5_Advanced Lighting\x64\Debug\glfw.pdb'; linking object as if no debug info
glfw3.lib(win32_monitor.obj) : warning LNK4099: PDB 'glfw.pdb' was not found with 'glfw3.lib(win32_monitor.obj)' or at 'C:\Users\Opemipo\Documents\Projects\Tutorials\OpenGL practice\Tutorial 5_Advanced Lighting\x64\Debug\glfw.pdb'; linking object as if no debug info
glfw3.lib(win32_time.obj) : warning LNK4099: PDB 'glfw.pdb' was not found with 'glfw3.lib(win32_time.obj)' or at 'C:\Users\Opemipo\Documents\Projects\Tutorials\OpenGL practice\Tutorial 5_Advanced Lighting\x64\Debug\glfw.pdb'; linking object as if no debug info
glfw3.lib(win32_thread.obj) : warning LNK4099: PDB 'glfw.pdb' was not found with 'glfw3.lib(win32_thread.obj)' or at 'C:\Users\Opemipo\Documents\Projects\Tutorials\OpenGL practice\Tutorial 5_Advanced Lighting\x64\Debug\glfw.pdb'; linking object as if no debug info
glfw3.lib(win32_window.obj) : warning LNK4099: PDB 'glfw.pdb' was not found with 'glfw3.lib(win32_window.obj)' or at 'C:\Users\Opemipo\Documents\Projects\Tutorials\OpenGL practice\Tutorial 5_Advanced Lighting\x64\Debug\glfw.pdb'; linking object as if no debug info
glfw3.lib(wgl_context.obj) : warning LNK4099: PDB 'glfw.pdb' was not found with 'glfw3.lib(wgl_context.obj)' or at 'C:\Users\Opemipo\Documents\Projects\Tutorials\OpenGL practice\Tutorial 5_Advanced Lighting\x64\Debug\glfw.pdb'; linking object as if no debug info
glfw3.lib(egl_context.obj) : warning LNK4099: PDB 'glfw.pdb' was not found with 'glfw3.lib(egl_context.obj)' or at 'C:\Users\Opemipo\Documents\Projects\Tutorials\OpenGL practice\Tutorial 5_Advanced Lighting\x64\Debug\glfw.pdb'; linking object as if no debug info
glfw3.lib(osmesa_context.obj) : warning LNK4099: PDB 'glfw.pdb' was not found with 'glfw3.lib(osmesa_context.obj)' or at 'C:\Users\Opemipo\Documents\Projects\Tutorials\OpenGL practice\Tutorial 5_Advanced Lighting\x64\Debug\glfw.pdb'; linking object as if no debug info
  Tutorial 5_Advanced Lighting.vcxproj -> C:\Users\Opemipo\Documents\Projects\Tutorials\OpenGL practice\Tutorial 5_Advanced Lighting\x64\Debug\Tutorial 5_Advanced Lighting.exe
