  Main.cpp
C:\Users\Opemipo\Documents\Projects\Tutorials\OpenGL practice\Tutorial 4_Skybox, etc\Tutorial 4_Skybox, etc\Main.cpp(266,22): warning C4244: 'argument': conversion from 'double' to 'unsigned int', possible loss of data
C:\Users\Opemipo\Documents\Projects\Tutorials\OpenGL practice\Tutorial 4_Skybox, etc\Tutorial 4_Skybox, etc\Main.cpp(282,21): warning C4244: 'initializing': conversion from 'double' to 'float', possible loss of data
C:\Users\Opemipo\Documents\Projects\Tutorials\OpenGL practice\Tutorial 4_Skybox, etc\Tutorial 4_Skybox, etc\Main.cpp(286,24): warning C4244: 'initializing': conversion from 'int' to 'float', possible loss of data
C:\Users\Opemipo\Documents\Projects\Tutorials\OpenGL practice\Tutorial 4_Skybox, etc\Tutorial 4_Skybox, etc\Main.cpp(533,28): warning C4244: 'initializing': conversion from 'double' to 'float', possible loss of data
C:\Users\Opemipo\Documents\Projects\Tutorials\OpenGL practice\Tutorial 4_Skybox, etc\Tutorial 4_Skybox, etc\Main.cpp(637,55): warning C4244: 'argument': conversion from 'double' to 'float', possible loss of data
C:\Users\Opemipo\Documents\Projects\Tutorials\OpenGL practice\Tutorial 4_Skybox, etc\Tutorial 4_Skybox, etc\Main.cpp(766,45): warning C4244: 'argument': conversion from 'double' to 'float', possible loss of data
C:\Users\Opemipo\Documents\Projects\Tutorials\OpenGL practice\Tutorial 4_Skybox, etc\Tutorial 4_Skybox, etc\Main.cpp(766,36): warning C4244: 'argument': conversion from 'double' to 'float', possible loss of data
C:\Users\Opemipo\Documents\Projects\Tutorials\OpenGL practice\Tutorial 4_Skybox, etc\Tutorial 4_Skybox, etc\Main.cpp(777,34): warning C4244: 'argument': conversion from 'double' to 'float', possible loss of data
LINK : warning LNK4098: defaultlib 'MSVCRTD' conflicts with use of other libs; use /NODEFAULTLIB:library
  Generating code
  1 of 823 functions ( 0.1%) were compiled, the rest were copied from previous compilation.
    0 functions were new in current compilation
    8 functions had inline decision re-evaluated but remain unchanged
  Finished generating code
glfw3.lib(context.obj) : warning LNK4099: PDB 'glfw.pdb' was not found with 'glfw3.lib(context.obj)' or at 'C:\Users\Opemipo\Documents\Projects\Tutorials\OpenGL practice\Tutorial 4_Skybox, etc\x64\Release\glfw.pdb'; linking object as if no debug info
glfw3.lib(init.obj) : warning LNK4099: PDB 'glfw.pdb' was not found with 'glfw3.lib(init.obj)' or at 'C:\Users\Opemipo\Documents\Projects\Tutorials\OpenGL practice\Tutorial 4_Skybox, etc\x64\Release\glfw.pdb'; linking object as if no debug info
glfw3.lib(input.obj) : warning LNK4099: PDB 'glfw.pdb' was not found with 'glfw3.lib(input.obj)' or at 'C:\Users\Opemipo\Documents\Projects\Tutorials\OpenGL practice\Tutorial 4_Skybox, etc\x64\Release\glfw.pdb'; linking object as if no debug info
glfw3.lib(monitor.obj) : warning LNK4099: PDB 'glfw.pdb' was not found with 'glfw3.lib(monitor.obj)' or at 'C:\Users\Opemipo\Documents\Projects\Tutorials\OpenGL practice\Tutorial 4_Skybox, etc\x64\Release\glfw.pdb'; linking object as if no debug info
glfw3.lib(vulkan.obj) : warning LNK4099: PDB 'glfw.pdb' was not found with 'glfw3.lib(vulkan.obj)' or at 'C:\Users\Opemipo\Documents\Projects\Tutorials\OpenGL practice\Tutorial 4_Skybox, etc\x64\Release\glfw.pdb'; linking object as if no debug info
glfw3.lib(window.obj) : warning LNK4099: PDB 'glfw.pdb' was not found with 'glfw3.lib(window.obj)' or at 'C:\Users\Opemipo\Documents\Projects\Tutorials\OpenGL practice\Tutorial 4_Skybox, etc\x64\Release\glfw.pdb'; linking object as if no debug info
glfw3.lib(win32_init.obj) : warning LNK4099: PDB 'glfw.pdb' was not found with 'glfw3.lib(win32_init.obj)' or at 'C:\Users\Opemipo\Documents\Projects\Tutorials\OpenGL practice\Tutorial 4_Skybox, etc\x64\Release\glfw.pdb'; linking object as if no debug info
glfw3.lib(win32_joystick.obj) : warning LNK4099: PDB 'glfw.pdb' was not found with 'glfw3.lib(win32_joystick.obj)' or at 'C:\Users\Opemipo\Documents\Projects\Tutorials\OpenGL practice\Tutorial 4_Skybox, etc\x64\Release\glfw.pdb'; linking object as if no debug info
glfw3.lib(win32_monitor.obj) : warning LNK4099: PDB 'glfw.pdb' was not found with 'glfw3.lib(win32_monitor.obj)' or at 'C:\Users\Opemipo\Documents\Projects\Tutorials\OpenGL practice\Tutorial 4_Skybox, etc\x64\Release\glfw.pdb'; linking object as if no debug info
glfw3.lib(win32_time.obj) : warning LNK4099: PDB 'glfw.pdb' was not found with 'glfw3.lib(win32_time.obj)' or at 'C:\Users\Opemipo\Documents\Projects\Tutorials\OpenGL practice\Tutorial 4_Skybox, etc\x64\Release\glfw.pdb'; linking object as if no debug info
glfw3.lib(win32_thread.obj) : warning LNK4099: PDB 'glfw.pdb' was not found with 'glfw3.lib(win32_thread.obj)' or at 'C:\Users\Opemipo\Documents\Projects\Tutorials\OpenGL practice\Tutorial 4_Skybox, etc\x64\Release\glfw.pdb'; linking object as if no debug info
glfw3.lib(win32_window.obj) : warning LNK4099: PDB 'glfw.pdb' was not found with 'glfw3.lib(win32_window.obj)' or at 'C:\Users\Opemipo\Documents\Projects\Tutorials\OpenGL practice\Tutorial 4_Skybox, etc\x64\Release\glfw.pdb'; linking object as if no debug info
glfw3.lib(wgl_context.obj) : warning LNK4099: PDB 'glfw.pdb' was not found with 'glfw3.lib(wgl_context.obj)' or at 'C:\Users\Opemipo\Documents\Projects\Tutorials\OpenGL practice\Tutorial 4_Skybox, etc\x64\Release\glfw.pdb'; linking object as if no debug info
glfw3.lib(egl_context.obj) : warning LNK4099: PDB 'glfw.pdb' was not found with 'glfw3.lib(egl_context.obj)' or at 'C:\Users\Opemipo\Documents\Projects\Tutorials\OpenGL practice\Tutorial 4_Skybox, etc\x64\Release\glfw.pdb'; linking object as if no debug info
glfw3.lib(osmesa_context.obj) : warning LNK4099: PDB 'glfw.pdb' was not found with 'glfw3.lib(osmesa_context.obj)' or at 'C:\Users\Opemipo\Documents\Projects\Tutorials\OpenGL practice\Tutorial 4_Skybox, etc\x64\Release\glfw.pdb'; linking object as if no debug info
  Tutorial 4_Skybox, etc.vcxproj -> C:\Users\Opemipo\Documents\Projects\Tutorials\OpenGL practice\Tutorial 4_Skybox, etc\x64\Release\Tutorial 4_Skybox, etc.exe
