  Camera.cpp
  Light.cpp
  Main.cpp
C:\Users\Opemipo\Documents\Projects\Tutorials\OpenGL practice\Tutorial 2\Tutorial 2\Main.cpp(149,28): warning C4244: 'initializing': conversion from 'double' to 'float', possible loss of data
C:\Users\Opemipo\Documents\Projects\Tutorials\OpenGL practice\Tutorial 2\Tutorial 2\Main.cpp(254,45): warning C4244: 'argument': conversion from 'double' to 'float', possible loss of data
C:\Users\Opemipo\Documents\Projects\Tutorials\OpenGL practice\Tutorial 2\Tutorial 2\Main.cpp(254,36): warning C4244: 'argument': conversion from 'double' to 'float', possible loss of data
C:\Users\Opemipo\Documents\Projects\Tutorials\OpenGL practice\Tutorial 2\Tutorial 2\Main.cpp(265,34): warning C4244: 'argument': conversion from 'double' to 'float', possible loss of data
  Mesh.cpp
  Model.cpp
  Shader.cpp
C:\Users\Opemipo\Documents\Projects\Tutorials\OpenGL practice\Tutorial 2\Tutorial 2\Shader.cpp(26,38): warning C4244: 'initializing': conversion from 'std::streamoff' to 'unsigned int', possible loss of data
  Generating Code...
  glad.c
C:\Program Files (x86)\Windows Kits\10\Include\10.0.18362.0\shared\minwindef.h(130,1): warning C4005: 'APIENTRY': macro redefinition
C:\Users\Opemipo\Documents\Projects\GL\include\glad\glad.h(32): message : see previous definition of 'APIENTRY'
Main.obj : error LNK2019: unresolved external symbol _glfwInit referenced in function _main
Main.obj : error LNK2019: unresolved external symbol _glfwTerminate referenced in function _main
Main.obj : error LNK2019: unresolved external symbol _glfwWindowHint referenced in function _main
Main.obj : error LNK2019: unresolved external symbol _glfwCreateWindow referenced in function _main
Main.obj : error LNK2019: unresolved external symbol _glfwWindowShouldClose referenced in function _main
Main.obj : error LNK2019: unresolved external symbol _glfwSetWindowShouldClose referenced in function "void __cdecl processInput(struct GLFWwindow *,class Shader &,class Camera &)" (?processInput@@YAXPAUGLFWwindow@@AAVShader@@AAVCamera@@@Z)
Main.obj : error LNK2019: unresolved external symbol _glfwSetFramebufferSizeCallback referenced in function _main
Main.obj : error LNK2019: unresolved external symbol _glfwPollEvents referenced in function _main
Main.obj : error LNK2019: unresolved external symbol _glfwSetInputMode referenced in function _main
Main.obj : error LNK2019: unresolved external symbol _glfwGetKey referenced in function "void __cdecl processInput(struct GLFWwindow *,class Shader &,class Camera &)" (?processInput@@YAXPAUGLFWwindow@@AAVShader@@AAVCamera@@@Z)
Main.obj : error LNK2019: unresolved external symbol _glfwSetCursorPosCallback referenced in function _main
Main.obj : error LNK2019: unresolved external symbol _glfwSetScrollCallback referenced in function _main
Main.obj : error LNK2019: unresolved external symbol _glfwGetTime referenced in function _main
Main.obj : error LNK2019: unresolved external symbol _glfwMakeContextCurrent referenced in function _main
Main.obj : error LNK2019: unresolved external symbol _glfwSwapBuffers referenced in function _main
Main.obj : error LNK2019: unresolved external symbol _glfwGetProcAddress referenced in function _main
Model.obj : error LNK2019: unresolved external symbol "public: __thiscall Assimp::Importer::Importer(void)" (??0Importer@Assimp@@QAE@XZ) referenced in function "private: void __thiscall Model::loadModel(class std::basic_string<char,struct std::char_traits<char>,class std::allocator<char> > const &)" (?loadModel@Model@@AAEXABV?$basic_string@DU?$char_traits@D@std@@V?$allocator@D@2@@std@@@Z)
Model.obj : error LNK2019: unresolved external symbol "public: __thiscall Assimp::Importer::~Importer(void)" (??1Importer@Assimp@@QAE@XZ) referenced in function "private: void __thiscall Model::loadModel(class std::basic_string<char,struct std::char_traits<char>,class std::allocator<char> > const &)" (?loadModel@Model@@AAEXABV?$basic_string@DU?$char_traits@D@std@@V?$allocator@D@2@@std@@@Z)
Model.obj : error LNK2019: unresolved external symbol "public: struct aiScene const * __thiscall Assimp::Importer::ReadFile(char const *,unsigned int)" (?ReadFile@Importer@Assimp@@QAEPBUaiScene@@PBDI@Z) referenced in function "public: struct aiScene const * __thiscall Assimp::Importer::ReadFile(class std::basic_string<char,struct std::char_traits<char>,class std::allocator<char> > const &,unsigned int)" (?ReadFile@Importer@Assimp@@QAEPBUaiScene@@ABV?$basic_string@DU?$char_traits@D@std@@V?$allocator@D@2@@std@@I@Z)
Model.obj : error LNK2019: unresolved external symbol "public: char const * __thiscall Assimp::Importer::GetErrorString(void)const " (?GetErrorString@Importer@Assimp@@QBEPBDXZ) referenced in function "private: void __thiscall Model::loadModel(class std::basic_string<char,struct std::char_traits<char>,class std::allocator<char> > const &)" (?loadModel@Model@@AAEXABV?$basic_string@DU?$char_traits@D@std@@V?$allocator@D@2@@std@@@Z)
Model.obj : error LNK2019: unresolved external symbol _aiGetMaterialTextureCount referenced in function "public: unsigned int __thiscall aiMaterial::GetTextureCount(enum aiTextureType)const " (?GetTextureCount@aiMaterial@@QBEIW4aiTextureType@@@Z)
Model.obj : error LNK2019: unresolved external symbol _aiGetMaterialTexture referenced in function "public: enum aiReturn __thiscall aiMaterial::GetTexture(enum aiTextureType,unsigned int,struct aiString *,enum aiTextureMapping *,unsigned int *,float *,enum aiTextureOp *,enum aiTextureMapMode *)const " (?GetTexture@aiMaterial@@QBE?AW4aiReturn@@W4aiTextureType@@IPAUaiString@@PAW4aiTextureMapping@@PAIPAMPAW4aiTextureOp@@PAW4aiTextureMapMode@@@Z)
..\..\..\..\GL\lib\glfw3.lib : warning LNK4272: library machine type 'x64' conflicts with target machine type 'x86'
..\..\..\..\GL\lib\assimp-vc142-mtd.lib : warning LNK4272: library machine type 'x64' conflicts with target machine type 'x86'
C:\Users\Opemipo\Documents\Projects\Tutorials\OpenGL practice\Tutorial 3 - Advanced OpenGL\Debug\Tutorial 3 - Advanced OpenGL.exe : fatal error LNK1120: 22 unresolved externals
